<?xml version="1.0" encoding="UTF-8"?>
<!-- Generated by org.testng.reporters.JUnitXMLReporter -->
<testsuite hostname="HEU-PEDRO-PRADIITA" name="LoginDoctorPage" tests="7" failures="0" timestamp="7 Nov 2021 02:43:33 GMT" time="264.483" errors="0">
  <testcase name="ForgotPinTextLink" time="3.21" classname="script.LoginDoctorTest"/>
  <testcase name="LoginAlertInvalid" time="0.404" classname="script.LoginDoctorTest"/>
  <testcase name="LoginAlertMismatch" time="3.258" classname="script.LoginDoctorTest"/>
  <testcase name="LoginAlertNull" time="0.207" classname="script.LoginDoctorTest"/>
  <testcase name="LoginAlertSuspend" time="5.019" classname="script.LoginDoctorTest"/>
  <testcase name="LoginAlertUserInvalid" time="0.851" classname="script.LoginDoctorTest"/>
  <testcase name="WaitingActivation" time="1.217" classname="script.LoginDoctorTest"/>
</testsuite> <!-- LoginDoctorPage -->
