<?xml version="1.0" encoding="UTF-8"?>
<testng-results skipped="0" failed="0" total="7" passed="7">
  <reporter-output>
  </reporter-output>
  <suite name="Suite" duration-ms="264483" started-at="2021-11-07T02:39:09Z" finished-at="2021-11-07T02:43:33Z">
    <groups>
      <group name="WhatsDoc">
        <method signature="LoginDoctorTest.ForgotPinTextLink()[pri:0, instance:script.LoginDoctorTest@3e08ff24]" name="ForgotPinTextLink" class="script.LoginDoctorTest"/>
        <method signature="LoginDoctorTest.LoginAlertInvalid()[pri:0, instance:script.LoginDoctorTest@3e08ff24]" name="LoginAlertInvalid" class="script.LoginDoctorTest"/>
        <method signature="LoginDoctorTest.LoginAlertMismatch()[pri:0, instance:script.LoginDoctorTest@3e08ff24]" name="LoginAlertMismatch" class="script.LoginDoctorTest"/>
        <method signature="LoginDoctorTest.LoginAlertNull()[pri:0, instance:script.LoginDoctorTest@3e08ff24]" name="LoginAlertNull" class="script.LoginDoctorTest"/>
        <method signature="LoginDoctorTest.LoginAlertSuspend()[pri:0, instance:script.LoginDoctorTest@3e08ff24]" name="LoginAlertSuspend" class="script.LoginDoctorTest"/>
        <method signature="LoginDoctorTest.LoginAlertUserInvalid()[pri:0, instance:script.LoginDoctorTest@3e08ff24]" name="LoginAlertUserInvalid" class="script.LoginDoctorTest"/>
        <method signature="LoginDoctorTest.WaitingActivation()[pri:0, instance:script.LoginDoctorTest@3e08ff24]" name="WaitingActivation" class="script.LoginDoctorTest"/>
      </group> <!-- WhatsDoc -->
    </groups>
    <test name="LoginDoctorPage" duration-ms="264483" started-at="2021-11-07T02:39:09Z" finished-at="2021-11-07T02:43:33Z">
      <class name="script.LoginDoctorTest">
        <test-method status="PASS" signature="BefMet()[pri:0, instance:script.LoginDoctorTest@3e08ff24]" name="BefMet" is-config="true" duration-ms="26627" started-at="2021-11-07T09:39:09Z" finished-at="2021-11-07T09:39:36Z">
          <reporter-output>
          </reporter-output>
        </test-method> <!-- BefMet -->
        <test-method status="PASS" signature="ForgotPinTextLink()[pri:0, instance:script.LoginDoctorTest@3e08ff24]" name="ForgotPinTextLink" duration-ms="3210" started-at="2021-11-07T09:39:36Z" finished-at="2021-11-07T09:39:39Z">
          <reporter-output>
          </reporter-output>
        </test-method> <!-- ForgotPinTextLink -->
        <test-method status="PASS" signature="AfMet()[pri:0, instance:script.LoginDoctorTest@3e08ff24]" name="AfMet" is-config="true" duration-ms="682" started-at="2021-11-07T09:39:39Z" finished-at="2021-11-07T09:39:40Z">
          <reporter-output>
          </reporter-output>
        </test-method> <!-- AfMet -->
        <test-method status="PASS" signature="BefMet()[pri:0, instance:script.LoginDoctorTest@3e08ff24]" name="BefMet" is-config="true" duration-ms="27157" started-at="2021-11-07T09:39:40Z" finished-at="2021-11-07T09:40:07Z">
          <reporter-output>
          </reporter-output>
        </test-method> <!-- BefMet -->
        <test-method status="PASS" signature="LoginAlertInvalid()[pri:0, instance:script.LoginDoctorTest@3e08ff24]" name="LoginAlertInvalid" duration-ms="404" started-at="2021-11-07T09:40:07Z" finished-at="2021-11-07T09:40:07Z">
          <reporter-output>
          </reporter-output>
        </test-method> <!-- LoginAlertInvalid -->
        <test-method status="PASS" signature="AfMet()[pri:0, instance:script.LoginDoctorTest@3e08ff24]" name="AfMet" is-config="true" duration-ms="704" started-at="2021-11-07T09:40:07Z" finished-at="2021-11-07T09:40:08Z">
          <reporter-output>
          </reporter-output>
        </test-method> <!-- AfMet -->
        <test-method status="PASS" signature="BefMet()[pri:0, instance:script.LoginDoctorTest@3e08ff24]" name="BefMet" is-config="true" duration-ms="42690" started-at="2021-11-07T09:40:08Z" finished-at="2021-11-07T09:40:50Z">
          <reporter-output>
          </reporter-output>
        </test-method> <!-- BefMet -->
        <test-method status="PASS" signature="LoginAlertMismatch()[pri:0, instance:script.LoginDoctorTest@3e08ff24]" name="LoginAlertMismatch" duration-ms="3258" started-at="2021-11-07T09:40:50Z" finished-at="2021-11-07T09:40:54Z">
          <reporter-output>
          </reporter-output>
        </test-method> <!-- LoginAlertMismatch -->
        <test-method status="PASS" signature="AfMet()[pri:0, instance:script.LoginDoctorTest@3e08ff24]" name="AfMet" is-config="true" duration-ms="703" started-at="2021-11-07T09:40:54Z" finished-at="2021-11-07T09:40:54Z">
          <reporter-output>
          </reporter-output>
        </test-method> <!-- AfMet -->
        <test-method status="PASS" signature="BefMet()[pri:0, instance:script.LoginDoctorTest@3e08ff24]" name="BefMet" is-config="true" duration-ms="42069" started-at="2021-11-07T09:40:54Z" finished-at="2021-11-07T09:41:37Z">
          <reporter-output>
          </reporter-output>
        </test-method> <!-- BefMet -->
        <test-method status="PASS" signature="LoginAlertNull()[pri:0, instance:script.LoginDoctorTest@3e08ff24]" name="LoginAlertNull" duration-ms="207" started-at="2021-11-07T09:41:37Z" finished-at="2021-11-07T09:41:37Z">
          <reporter-output>
          </reporter-output>
        </test-method> <!-- LoginAlertNull -->
        <test-method status="PASS" signature="AfMet()[pri:0, instance:script.LoginDoctorTest@3e08ff24]" name="AfMet" is-config="true" duration-ms="699" started-at="2021-11-07T09:41:37Z" finished-at="2021-11-07T09:41:37Z">
          <reporter-output>
          </reporter-output>
        </test-method> <!-- AfMet -->
        <test-method status="PASS" signature="BefMet()[pri:0, instance:script.LoginDoctorTest@3e08ff24]" name="BefMet" is-config="true" duration-ms="35436" started-at="2021-11-07T09:41:37Z" finished-at="2021-11-07T09:42:13Z">
          <reporter-output>
          </reporter-output>
        </test-method> <!-- BefMet -->
        <test-method status="PASS" signature="LoginAlertSuspend()[pri:0, instance:script.LoginDoctorTest@3e08ff24]" name="LoginAlertSuspend" duration-ms="5019" started-at="2021-11-07T09:42:13Z" finished-at="2021-11-07T09:42:18Z">
          <reporter-output>
          </reporter-output>
        </test-method> <!-- LoginAlertSuspend -->
        <test-method status="PASS" signature="AfMet()[pri:0, instance:script.LoginDoctorTest@3e08ff24]" name="AfMet" is-config="true" duration-ms="676" started-at="2021-11-07T09:42:18Z" finished-at="2021-11-07T09:42:19Z">
          <reporter-output>
          </reporter-output>
        </test-method> <!-- AfMet -->
        <test-method status="PASS" signature="BefMet()[pri:0, instance:script.LoginDoctorTest@3e08ff24]" name="BefMet" is-config="true" duration-ms="37155" started-at="2021-11-07T09:42:19Z" finished-at="2021-11-07T09:42:56Z">
          <reporter-output>
          </reporter-output>
        </test-method> <!-- BefMet -->
        <test-method status="PASS" signature="LoginAlertUserInvalid()[pri:0, instance:script.LoginDoctorTest@3e08ff24]" name="LoginAlertUserInvalid" duration-ms="851" started-at="2021-11-07T09:42:56Z" finished-at="2021-11-07T09:42:57Z">
          <reporter-output>
          </reporter-output>
        </test-method> <!-- LoginAlertUserInvalid -->
        <test-method status="PASS" signature="AfMet()[pri:0, instance:script.LoginDoctorTest@3e08ff24]" name="AfMet" is-config="true" duration-ms="672" started-at="2021-11-07T09:42:57Z" finished-at="2021-11-07T09:42:57Z">
          <reporter-output>
          </reporter-output>
        </test-method> <!-- AfMet -->
        <test-method status="PASS" signature="BefMet()[pri:0, instance:script.LoginDoctorTest@3e08ff24]" name="BefMet" is-config="true" duration-ms="34338" started-at="2021-11-07T09:42:57Z" finished-at="2021-11-07T09:43:32Z">
          <reporter-output>
          </reporter-output>
        </test-method> <!-- BefMet -->
        <test-method status="PASS" signature="WaitingActivation()[pri:0, instance:script.LoginDoctorTest@3e08ff24]" name="WaitingActivation" duration-ms="1217" started-at="2021-11-07T09:43:32Z" finished-at="2021-11-07T09:43:33Z">
          <reporter-output>
          </reporter-output>
        </test-method> <!-- WaitingActivation -->
        <test-method status="PASS" signature="AfMet()[pri:0, instance:script.LoginDoctorTest@3e08ff24]" name="AfMet" is-config="true" duration-ms="695" started-at="2021-11-07T09:43:33Z" finished-at="2021-11-07T09:43:33Z">
          <reporter-output>
          </reporter-output>
        </test-method> <!-- AfMet -->
      </class> <!-- script.LoginDoctorTest -->
    </test> <!-- LoginDoctorPage -->
  </suite> <!-- Suite -->
</testng-results>
