<?xml version="1.0" encoding="UTF-8"?>
<testng-results total="7" passed="7" failed="0" skipped="0">
  <reporter-output>
  </reporter-output>
  <suite started-at="2021-11-07T02:05:02Z" name="Suite" finished-at="2021-11-07T02:07:42Z" duration-ms="160377">
    <groups>
      <group name="WhatsDoc">
        <method signature="LoginDoctorTest.ForgotPinTextLink()[pri:0, instance:script.LoginDoctorTest@305f7627]" name="ForgotPinTextLink" class="script.LoginDoctorTest"/>
        <method signature="LoginDoctorTest.LoginAlertInvalid()[pri:0, instance:script.LoginDoctorTest@305f7627]" name="LoginAlertInvalid" class="script.LoginDoctorTest"/>
        <method signature="LoginDoctorTest.LoginAlertMismatch()[pri:0, instance:script.LoginDoctorTest@305f7627]" name="LoginAlertMismatch" class="script.LoginDoctorTest"/>
        <method signature="LoginDoctorTest.LoginAlertNull()[pri:0, instance:script.LoginDoctorTest@305f7627]" name="LoginAlertNull" class="script.LoginDoctorTest"/>
        <method signature="LoginDoctorTest.LoginAlertSuspend()[pri:0, instance:script.LoginDoctorTest@305f7627]" name="LoginAlertSuspend" class="script.LoginDoctorTest"/>
        <method signature="LoginDoctorTest.LoginAlertUserInvalid()[pri:0, instance:script.LoginDoctorTest@305f7627]" name="LoginAlertUserInvalid" class="script.LoginDoctorTest"/>
        <method signature="LoginDoctorTest.WaitingActivation()[pri:0, instance:script.LoginDoctorTest@305f7627]" name="WaitingActivation" class="script.LoginDoctorTest"/>
      </group> <!-- WhatsDoc -->
    </groups>
    <test started-at="2021-11-07T02:05:02Z" name="LoginDoctorPage" finished-at="2021-11-07T02:07:42Z" duration-ms="160377">
      <class name="script.LoginDoctorTest">
        <test-method is-config="true" signature="BefMet()[pri:0, instance:script.LoginDoctorTest@305f7627]" started-at="2021-11-07T09:05:02Z" name="BefMet" finished-at="2021-11-07T09:05:20Z" duration-ms="17931" status="PASS">
          <reporter-output>
          </reporter-output>
        </test-method> <!-- BefMet -->
        <test-method signature="ForgotPinTextLink()[pri:0, instance:script.LoginDoctorTest@305f7627]" started-at="2021-11-07T09:05:20Z" name="ForgotPinTextLink" finished-at="2021-11-07T09:05:21Z" duration-ms="1452" status="PASS">
          <reporter-output>
          </reporter-output>
        </test-method> <!-- ForgotPinTextLink -->
        <test-method is-config="true" signature="AfMet()[pri:0, instance:script.LoginDoctorTest@305f7627]" started-at="2021-11-07T09:05:21Z" name="AfMet" finished-at="2021-11-07T09:05:26Z" duration-ms="4213" status="PASS">
          <reporter-output>
          </reporter-output>
        </test-method> <!-- AfMet -->
        <test-method is-config="true" signature="BefMet()[pri:0, instance:script.LoginDoctorTest@305f7627]" started-at="2021-11-07T09:05:26Z" name="BefMet" finished-at="2021-11-07T09:05:42Z" duration-ms="16742" status="PASS">
          <reporter-output>
          </reporter-output>
        </test-method> <!-- BefMet -->
        <test-method signature="LoginAlertInvalid()[pri:0, instance:script.LoginDoctorTest@305f7627]" started-at="2021-11-07T09:05:42Z" name="LoginAlertInvalid" finished-at="2021-11-07T09:05:43Z" duration-ms="512" status="PASS">
          <reporter-output>
          </reporter-output>
        </test-method> <!-- LoginAlertInvalid -->
        <test-method is-config="true" signature="AfMet()[pri:0, instance:script.LoginDoctorTest@305f7627]" started-at="2021-11-07T09:05:43Z" name="AfMet" finished-at="2021-11-07T09:05:47Z" duration-ms="4221" status="PASS">
          <reporter-output>
          </reporter-output>
        </test-method> <!-- AfMet -->
        <test-method is-config="true" signature="BefMet()[pri:0, instance:script.LoginDoctorTest@305f7627]" started-at="2021-11-07T09:05:47Z" name="BefMet" finished-at="2021-11-07T09:06:05Z" duration-ms="17423" status="PASS">
          <reporter-output>
          </reporter-output>
        </test-method> <!-- BefMet -->
        <test-method signature="LoginAlertMismatch()[pri:0, instance:script.LoginDoctorTest@305f7627]" started-at="2021-11-07T09:06:05Z" name="LoginAlertMismatch" finished-at="2021-11-07T09:06:06Z" duration-ms="1116" status="PASS">
          <reporter-output>
          </reporter-output>
        </test-method> <!-- LoginAlertMismatch -->
        <test-method is-config="true" signature="AfMet()[pri:0, instance:script.LoginDoctorTest@305f7627]" started-at="2021-11-07T09:06:06Z" name="AfMet" finished-at="2021-11-07T09:06:10Z" duration-ms="4189" status="PASS">
          <reporter-output>
          </reporter-output>
        </test-method> <!-- AfMet -->
        <test-method is-config="true" signature="BefMet()[pri:0, instance:script.LoginDoctorTest@305f7627]" started-at="2021-11-07T09:06:10Z" name="BefMet" finished-at="2021-11-07T09:06:27Z" duration-ms="17138" status="PASS">
          <reporter-output>
          </reporter-output>
        </test-method> <!-- BefMet -->
        <test-method signature="LoginAlertNull()[pri:0, instance:script.LoginDoctorTest@305f7627]" started-at="2021-11-07T09:06:27Z" name="LoginAlertNull" finished-at="2021-11-07T09:06:27Z" duration-ms="261" status="PASS">
          <reporter-output>
          </reporter-output>
        </test-method> <!-- LoginAlertNull -->
        <test-method is-config="true" signature="AfMet()[pri:0, instance:script.LoginDoctorTest@305f7627]" started-at="2021-11-07T09:06:27Z" name="AfMet" finished-at="2021-11-07T09:06:32Z" duration-ms="4218" status="PASS">
          <reporter-output>
          </reporter-output>
        </test-method> <!-- AfMet -->
        <test-method is-config="true" signature="BefMet()[pri:0, instance:script.LoginDoctorTest@305f7627]" started-at="2021-11-07T09:06:32Z" name="BefMet" finished-at="2021-11-07T09:06:49Z" duration-ms="17075" status="PASS">
          <reporter-output>
          </reporter-output>
        </test-method> <!-- BefMet -->
        <test-method signature="LoginAlertSuspend()[pri:0, instance:script.LoginDoctorTest@305f7627]" started-at="2021-11-07T09:06:49Z" name="LoginAlertSuspend" finished-at="2021-11-07T09:06:52Z" duration-ms="3355" status="PASS">
          <reporter-output>
          </reporter-output>
        </test-method> <!-- LoginAlertSuspend -->
        <test-method is-config="true" signature="AfMet()[pri:0, instance:script.LoginDoctorTest@305f7627]" started-at="2021-11-07T09:06:52Z" name="AfMet" finished-at="2021-11-07T09:06:52Z" duration-ms="289" status="PASS">
          <reporter-output>
          </reporter-output>
        </test-method> <!-- AfMet -->
        <test-method is-config="true" signature="BefMet()[pri:0, instance:script.LoginDoctorTest@305f7627]" started-at="2021-11-07T09:06:52Z" name="BefMet" finished-at="2021-11-07T09:07:14Z" duration-ms="21388" status="PASS">
          <reporter-output>
          </reporter-output>
        </test-method> <!-- BefMet -->
        <test-method signature="LoginAlertUserInvalid()[pri:0, instance:script.LoginDoctorTest@305f7627]" started-at="2021-11-07T09:07:14Z" name="LoginAlertUserInvalid" finished-at="2021-11-07T09:07:14Z" duration-ms="784" status="PASS">
          <reporter-output>
          </reporter-output>
        </test-method> <!-- LoginAlertUserInvalid -->
        <test-method is-config="true" signature="AfMet()[pri:0, instance:script.LoginDoctorTest@305f7627]" started-at="2021-11-07T09:07:14Z" name="AfMet" finished-at="2021-11-07T09:07:19Z" duration-ms="4201" status="PASS">
          <reporter-output>
          </reporter-output>
        </test-method> <!-- AfMet -->
        <test-method is-config="true" signature="BefMet()[pri:0, instance:script.LoginDoctorTest@305f7627]" started-at="2021-11-07T09:07:19Z" name="BefMet" finished-at="2021-11-07T09:07:37Z" duration-ms="18651" status="PASS">
          <reporter-output>
          </reporter-output>
        </test-method> <!-- BefMet -->
        <test-method signature="WaitingActivation()[pri:0, instance:script.LoginDoctorTest@305f7627]" started-at="2021-11-07T09:07:37Z" name="WaitingActivation" finished-at="2021-11-07T09:07:38Z" duration-ms="979" status="PASS">
          <reporter-output>
          </reporter-output>
        </test-method> <!-- WaitingActivation -->
        <test-method is-config="true" signature="AfMet()[pri:0, instance:script.LoginDoctorTest@305f7627]" started-at="2021-11-07T09:07:38Z" name="AfMet" finished-at="2021-11-07T09:07:42Z" duration-ms="4197" status="PASS">
          <reporter-output>
          </reporter-output>
        </test-method> <!-- AfMet -->
      </class> <!-- script.LoginDoctorTest -->
    </test> <!-- LoginDoctorPage -->
  </suite> <!-- Suite -->
</testng-results>
